Using pre-set license

 COMMAND LINE ARGUMENTS:
/Applications/Unity/Hub/Editor/2020.3.12f1/Unity.app/Contents/MacOS/Unity
-adb2
-batchMode
-noUpm
-name
AssetImportWorker9
-projectPath
/Users/hgpmac154/Documents/GitHub/Unity_Game_HGS/hgsAdventureGame
-logFile
Logs/AssetImportWorker9.log
-srvPort
52448
Successfully changed project path to: /Users/hgpmac154/Documents/GitHub/Unity_Game_HGS/hgsAdventureGame
/Users/hgpmac154/Documents/GitHub/Unity_Game_HGS/hgsAdventureGame
Using Asset Import Pipeline V2.
Refreshing native plugins compatible for Editor in 549.25 ms, found 2 plugins.
Preloading 0 native plugins for Editor in 0.00 ms.
Initialize engine version: 2020.3.12f1 (b3b2c6512326)
[Subsystems] Discovering subsystems at path /Applications/Unity/Hub/Editor/2020.3.12f1/Unity.app/Contents/Resources/UnitySubsystems
[Subsystems] Discovering subsystems at path /Users/hgpmac154/Documents/GitHub/Unity_Game_HGS/hgsAdventureGame/Assets
GfxDevice: creating device client; threaded=0
2021-07-20 11:26:57.914 Unity[3495:134258] Color LCD preferred device: Intel(R) Iris(TM) Graphics 6000 (low power)
2021-07-20 11:26:57.914 Unity[3495:134258] Metal devices available: 1
2021-07-20 11:26:57.914 Unity[3495:134258] 0: Intel(R) Iris(TM) Graphics 6000 (low power)
2021-07-20 11:26:57.915 Unity[3495:134258] Using device Intel(R) Iris(TM) Graphics 6000 (low power)
Initializing Metal device caps: Intel(R) Iris(TM) Graphics 6000
Initialize mono
Mono path[0] = '/Applications/Unity/Hub/Editor/2020.3.12f1/Unity.app/Contents/Managed'
Mono path[1] = '/Applications/Unity/Hub/Editor/2020.3.12f1/Unity.app/Contents/MonoBleedingEdge/lib/mono/unityjit'
Mono config path = '/Applications/Unity/Hub/Editor/2020.3.12f1/Unity.app/Contents/MonoBleedingEdge/etc'
Using monoOptions --debugger-agent=transport=dt_socket,embedding=1,server=y,suspend=n,address=127.0.0.1:56495
Begin MonoManager ReloadAssembly
Registering precompiled unity dll's ...
Register platform support module: /Applications/Unity/Hub/Editor/2020.3.12f1/Unity.app/Contents/PlaybackEngines/MacStandaloneSupport/UnityEditor.OSXStandalone.Extensions.dll
Registered in 0.002339 seconds.
Native extension for OSXStandalone target not found
Refreshing native plugins compatible for Editor in 313.81 ms, found 2 plugins.
Preloading 0 native plugins for Editor in 0.00 ms.
Mono: successfully reloaded assembly
- Completed reload, in 26.762 seconds
Platform modules already initialized, skipping
Registering precompiled user dll's ...
Registered in 0.006022 seconds.
