Using pre-set license

 COMMAND LINE ARGUMENTS:
/Applications/Unity/Hub/Editor/2020.3.12f1/Unity.app/Contents/MacOS/Unity
-adb2
-batchMode
-noUpm
-name
AssetImportWorker10
-projectPath
/Users/hgpmac154/Documents/GitHub/Unity_Game_HGS/hgsAdventureGame
-logFile
Logs/AssetImportWorker10.log
-srvPort
52448
Successfully changed project path to: /Users/hgpmac154/Documents/GitHub/Unity_Game_HGS/hgsAdventureGame
/Users/hgpmac154/Documents/GitHub/Unity_Game_HGS/hgsAdventureGame
Using Asset Import Pipeline V2.
Refreshing native plugins compatible for Editor in 68.28 ms, found 2 plugins.
Preloading 0 native plugins for Editor in 0.00 ms.
Initialize engine version: 2020.3.12f1 (b3b2c6512326)
[Subsystems] Discovering subsystems at path /Applications/Unity/Hub/Editor/2020.3.12f1/Unity.app/Contents/Resources/UnitySubsystems
[Subsystems] Discovering subsystems at path /Users/hgpmac154/Documents/GitHub/Unity_Game_HGS/hgsAdventureGame/Assets
GfxDevice: creating device client; threaded=0
2021-07-21 10:48:49.174 Unity[9511:424077] Color LCD preferred device: Intel(R) Iris(TM) Graphics 6000 (low power)
2021-07-21 10:48:49.174 Unity[9511:424077] Metal devices available: 1
2021-07-21 10:48:49.174 Unity[9511:424077] 0: Intel(R) Iris(TM) Graphics 6000 (low power)
2021-07-21 10:48:49.178 Unity[9511:424077] Using device Intel(R) Iris(TM) Graphics 6000 (low power)
Initializing Metal device caps: Intel(R) Iris(TM) Graphics 6000
Initialize mono
Mono path[0] = '/Applications/Unity/Hub/Editor/2020.3.12f1/Unity.app/Contents/Managed'
Mono path[1] = '/Applications/Unity/Hub/Editor/2020.3.12f1/Unity.app/Contents/MonoBleedingEdge/lib/mono/unityjit'
Mono config path = '/Applications/Unity/Hub/Editor/2020.3.12f1/Unity.app/Contents/MonoBleedingEdge/etc'
Using monoOptions --debugger-agent=transport=dt_socket,embedding=1,server=y,suspend=n,address=127.0.0.1:56511
Begin MonoManager ReloadAssembly
Registering precompiled unity dll's ...
Register platform support module: /Applications/Unity/Hub/Editor/2020.3.12f1/Unity.app/Contents/PlaybackEngines/MacStandaloneSupport/UnityEditor.OSXStandalone.Extensions.dll
Registered in 0.004158 seconds.
Native extension for OSXStandalone target not found
Refreshing native plugins compatible for Editor in 46.49 ms, found 2 plugins.
Preloading 0 native plugins for Editor in 0.00 ms.
Mono: successfully reloaded assembly
- Completed reload, in  5.353 seconds
Platform modules already initialized, skipping
Registering precompiled user dll's ...
Registered in 0.015629 seconds.
Begin MonoManager ReloadAssembly
Native extension for OSXStandalone target not found
Refreshing native plugins compatible for Editor in 0.41 ms, found 2 plugins.
Preloading 0 native plugins for Editor in 0.00 ms.
Mono: successfully reloaded assembly
- Completed reload, in  2.018 seconds
Platform modules already initialized, skipping
========================================================================
Worker process is ready to serve import requests
Launching external process: /Applications/Unity/Hub/Editor/2020.3.12f1/Unity.app/Contents/Tools/UnityShaderCompiler
Launched and connected shader compiler UnityShaderCompiler after 0.02 seconds
Refreshing native plugins compatible for Editor in 0.38 ms, found 2 plugins.
Preloading 0 native plugins for Editor in 0.00 ms.
Unloading 1547 Unused Serialized files (Serialized files now loaded: 0)
System memory in use before: 154.3 MB.
System memory in use after: 154.4 MB.

Unloading 20 unused Assets to reduce memory usage. Loaded Objects now: 1998.
Total: 2.300665 ms (FindLiveObjects: 0.208547 ms CreateObjectMapping: 0.055340 ms MarkObjects: 1.902817 ms  DeleteObjects: 0.132739 ms)

AssetImportParameters requested are different than current active one (requested -> active):
  custom:video-decoder-ogg-theora: a1e56fd34408186e4bbccfd4996cb3dc -> 
  custom:container-muxer-webm: aa71ff27fc2769a1b78a27578f13a17b -> 
  custom:container-demuxer-webm: 4f35f7cbe854078d1ac9338744f61a02 -> 
  custom:container-demuxer-ogg: 62fdf1f143b41e24485cea50d1cbac27 -> 
  custom:video-encoder-webm-vp8: eb34c28f22e8b96e1ab97ce403110664 -> 
  custom:framework-osx-AVFoundation: b23960f63f64bdc6ff669e2cdcee2391 -> 
  custom:video-decoder-webm-vp8: 9c59270c3fd7afecdb556c50c9e8de78 -> 
  custom:audio-decoder-ogg-vorbis: bf7c407c2cedff20999df2af8eb42d56 -> 
  custom:audio-encoder-webm-vorbis: bf7c407c2cedff20999df2af8eb42d56 -> 
========================================================================
Received Import Request.
  path: Assets/Characters/Player_Animator_Controller.controller
  artifactKey: Guid(9c8c381a2e7e040aea53b80af691460e) Importer(815301076,1909f56bfc062723c751e8b465ee728b)
Start importing Assets/Characters/Player_Animator_Controller.controller using Guid(9c8c381a2e7e040aea53b80af691460e) Importer(815301076,1909f56bfc062723c751e8b465ee728b)  -> (artifact id: '3710a2d7b7b24d8f0c8e0d081ce87637') in 0.684922 seconds 
  Import took 0.691661 seconds .

========================================================================
Received Prepare
Registering precompiled user dll's ...
Registered in 0.005441 seconds.
Begin MonoManager ReloadAssembly
Native extension for OSXStandalone target not found
Refreshing native plugins compatible for Editor in 0.45 ms, found 2 plugins.
Preloading 0 native plugins for Editor in 0.00 ms.
Mono: successfully reloaded assembly
- Completed reload, in  2.304 seconds
Platform modules already initialized, skipping
Refreshing native plugins compatible for Editor in 0.63 ms, found 2 plugins.
Preloading 0 native plugins for Editor in 0.00 ms.
Unloading 1541 Unused Serialized files (Serialized files now loaded: 0)
System memory in use before: 158.9 MB.
System memory in use after: 158.9 MB.

Unloading 15 unused Assets to reduce memory usage. Loaded Objects now: 2002.
Total: 2.575202 ms (FindLiveObjects: 0.208038 ms CreateObjectMapping: 0.053157 ms MarkObjects: 2.204959 ms  DeleteObjects: 0.107620 ms)

AssetImportParameters requested are different than current active one (requested -> active):
  custom:video-decoder-ogg-theora: a1e56fd34408186e4bbccfd4996cb3dc -> 
  custom:container-muxer-webm: aa71ff27fc2769a1b78a27578f13a17b -> 
  custom:container-demuxer-webm: 4f35f7cbe854078d1ac9338744f61a02 -> 
  custom:container-demuxer-ogg: 62fdf1f143b41e24485cea50d1cbac27 -> 
  custom:video-encoder-webm-vp8: eb34c28f22e8b96e1ab97ce403110664 -> 
  custom:framework-osx-AVFoundation: b23960f63f64bdc6ff669e2cdcee2391 -> 
  custom:video-decoder-webm-vp8: 9c59270c3fd7afecdb556c50c9e8de78 -> 
  custom:audio-decoder-ogg-vorbis: bf7c407c2cedff20999df2af8eb42d56 -> 
  custom:audio-encoder-webm-vorbis: bf7c407c2cedff20999df2af8eb42d56 -> 
========================================================================
Received Import Request.
  Time since last request: 11187.510071 seconds.
  path: Assets/script/Health/health.cs
  artifactKey: Guid(a763082a66a004ebbb99623a37fc010d) Importer(815301076,1909f56bfc062723c751e8b465ee728b)
Start importing Assets/script/Health/health.cs using Guid(a763082a66a004ebbb99623a37fc010d) Importer(815301076,1909f56bfc062723c751e8b465ee728b)  -> (artifact id: '499636d5cdd697f924ff1f8ba21aa069') in 1.046185 seconds 
  Import took 1.050149 seconds .

========================================================================
Received Import Request.
  Time since last request: 3.336494 seconds.
  path: Assets/script/Health/health.cs
  artifactKey: Guid(a763082a66a004ebbb99623a37fc010d) Importer(815301076,1909f56bfc062723c751e8b465ee728b)
Start importing Assets/script/Health/health.cs using Guid(a763082a66a004ebbb99623a37fc010d) Importer(815301076,1909f56bfc062723c751e8b465ee728b)  -> (artifact id: '499636d5cdd697f924ff1f8ba21aa069') in 0.003064 seconds 
  Import took 0.006766 seconds .

========================================================================
Received Prepare
Registering precompiled user dll's ...
Registered in 0.002519 seconds.
Begin MonoManager ReloadAssembly
Native extension for OSXStandalone target not found
Refreshing native plugins compatible for Editor in 0.49 ms, found 2 plugins.
Preloading 0 native plugins for Editor in 0.00 ms.
Mono: successfully reloaded assembly
- Completed reload, in  2.347 seconds
Platform modules already initialized, skipping
Refreshing native plugins compatible for Editor in 0.73 ms, found 2 plugins.
Preloading 0 native plugins for Editor in 0.00 ms.
Unloading 1541 Unused Serialized files (Serialized files now loaded: 0)
System memory in use before: 163.3 MB.
System memory in use after: 163.4 MB.

Unloading 15 unused Assets to reduce memory usage. Loaded Objects now: 2005.
Total: 5.464078 ms (FindLiveObjects: 0.212238 ms CreateObjectMapping: 0.061568 ms MarkObjects: 4.978701 ms  DeleteObjects: 0.208026 ms)

AssetImportParameters requested are different than current active one (requested -> active):
  custom:video-decoder-ogg-theora: a1e56fd34408186e4bbccfd4996cb3dc -> 
  custom:container-muxer-webm: aa71ff27fc2769a1b78a27578f13a17b -> 
  custom:container-demuxer-webm: 4f35f7cbe854078d1ac9338744f61a02 -> 
  custom:container-demuxer-ogg: 62fdf1f143b41e24485cea50d1cbac27 -> 
  custom:video-encoder-webm-vp8: eb34c28f22e8b96e1ab97ce403110664 -> 
  custom:framework-osx-AVFoundation: b23960f63f64bdc6ff669e2cdcee2391 -> 
  custom:video-decoder-webm-vp8: 9c59270c3fd7afecdb556c50c9e8de78 -> 
  custom:audio-decoder-ogg-vorbis: bf7c407c2cedff20999df2af8eb42d56 -> 
  custom:audio-encoder-webm-vorbis: bf7c407c2cedff20999df2af8eb42d56 -> 
========================================================================
Received Import Request.
  Time since last request: 206.719751 seconds.
  path: Assets/script/Health/health.cs
  artifactKey: Guid(a763082a66a004ebbb99623a37fc010d) Importer(815301076,1909f56bfc062723c751e8b465ee728b)
Start importing Assets/script/Health/health.cs using Guid(a763082a66a004ebbb99623a37fc010d) Importer(815301076,1909f56bfc062723c751e8b465ee728b)  -> (artifact id: '3f3be5e9d3a64ab3fbad514605d23a3a') in 0.006261 seconds 
  Import took 0.009622 seconds .

========================================================================
Received Import Request.
  Time since last request: 2.345747 seconds.
  path: Assets/script/Health/health.cs
  artifactKey: Guid(a763082a66a004ebbb99623a37fc010d) Importer(815301076,1909f56bfc062723c751e8b465ee728b)
Start importing Assets/script/Health/health.cs using Guid(a763082a66a004ebbb99623a37fc010d) Importer(815301076,1909f56bfc062723c751e8b465ee728b)  -> (artifact id: '3f3be5e9d3a64ab3fbad514605d23a3a') in 0.003109 seconds 
  Import took 0.007679 seconds .

========================================================================
Received Prepare
Registering precompiled user dll's ...
Registered in 0.015362 seconds.
Begin MonoManager ReloadAssembly
Native extension for OSXStandalone target not found
Refreshing native plugins compatible for Editor in 0.45 ms, found 2 plugins.
Preloading 0 native plugins for Editor in 0.00 ms.
Mono: successfully reloaded assembly
- Completed reload, in  4.214 seconds
Platform modules already initialized, skipping
Refreshing native plugins compatible for Editor in 20.66 ms, found 2 plugins.
Preloading 0 native plugins for Editor in 0.00 ms.
Unloading 1541 Unused Serialized files (Serialized files now loaded: 0)
System memory in use before: 163.6 MB.
System memory in use after: 163.7 MB.

Unloading 15 unused Assets to reduce memory usage. Loaded Objects now: 2008.
Total: 5.737854 ms (FindLiveObjects: 0.384662 ms CreateObjectMapping: 0.414743 ms MarkObjects: 4.817371 ms  DeleteObjects: 0.119647 ms)

AssetImportParameters requested are different than current active one (requested -> active):
  custom:video-decoder-ogg-theora: a1e56fd34408186e4bbccfd4996cb3dc -> 
  custom:container-muxer-webm: aa71ff27fc2769a1b78a27578f13a17b -> 
  custom:container-demuxer-webm: 4f35f7cbe854078d1ac9338744f61a02 -> 
  custom:container-demuxer-ogg: 62fdf1f143b41e24485cea50d1cbac27 -> 
  custom:video-encoder-webm-vp8: eb34c28f22e8b96e1ab97ce403110664 -> 
  custom:framework-osx-AVFoundation: b23960f63f64bdc6ff669e2cdcee2391 -> 
  custom:video-decoder-webm-vp8: 9c59270c3fd7afecdb556c50c9e8de78 -> 
  custom:audio-decoder-ogg-vorbis: bf7c407c2cedff20999df2af8eb42d56 -> 
  custom:audio-encoder-webm-vorbis: bf7c407c2cedff20999df2af8eb42d56 -> 
========================================================================
Received Prepare
Registering precompiled user dll's ...
Registered in 0.039200 seconds.
Begin MonoManager ReloadAssembly
Native extension for OSXStandalone target not found
Refreshing native plugins compatible for Editor in 1.75 ms, found 2 plugins.
Preloading 0 native plugins for Editor in 0.00 ms.
Mono: successfully reloaded assembly
- Completed reload, in  3.070 seconds
Platform modules already initialized, skipping
Refreshing native plugins compatible for Editor in 1.78 ms, found 2 plugins.
Preloading 0 native plugins for Editor in 0.00 ms.
Unloading 1541 Unused Serialized files (Serialized files now loaded: 0)
System memory in use before: 163.8 MB.
System memory in use after: 163.9 MB.

Unloading 15 unused Assets to reduce memory usage. Loaded Objects now: 2011.
Total: 5.369558 ms (FindLiveObjects: 0.721124 ms CreateObjectMapping: 0.272723 ms MarkObjects: 4.252378 ms  DeleteObjects: 0.120995 ms)

AssetImportParameters requested are different than current active one (requested -> active):
  custom:video-decoder-ogg-theora: a1e56fd34408186e4bbccfd4996cb3dc -> 
  custom:container-muxer-webm: aa71ff27fc2769a1b78a27578f13a17b -> 
  custom:container-demuxer-webm: 4f35f7cbe854078d1ac9338744f61a02 -> 
  custom:container-demuxer-ogg: 62fdf1f143b41e24485cea50d1cbac27 -> 
  custom:video-encoder-webm-vp8: eb34c28f22e8b96e1ab97ce403110664 -> 
  custom:framework-osx-AVFoundation: b23960f63f64bdc6ff669e2cdcee2391 -> 
  custom:video-decoder-webm-vp8: 9c59270c3fd7afecdb556c50c9e8de78 -> 
  custom:audio-decoder-ogg-vorbis: bf7c407c2cedff20999df2af8eb42d56 -> 
  custom:audio-encoder-webm-vorbis: bf7c407c2cedff20999df2af8eb42d56 -> 
========================================================================
Received Import Request.
  Time since last request: 22739.792846 seconds.
  path: Assets/2D_ART
  artifactKey: Guid(0d68d4c2ca4cd4d95b53aa23ff4b7dc3) Importer(815301076,1909f56bfc062723c751e8b465ee728b)
Start importing Assets/2D_ART using Guid(0d68d4c2ca4cd4d95b53aa23ff4b7dc3) Importer(815301076,1909f56bfc062723c751e8b465ee728b)  -> (artifact id: '52034f7e9ffb5189c74a81ec21069a91') in 0.013540 seconds 
  Import took 0.034525 seconds .

========================================================================
Received Import Request.
  Time since last request: 15.738906 seconds.
  path: Assets/2D_ART/deku.jpeg
  artifactKey: Guid(0576320b11a884197bd668d035ffbe38) Importer(815301076,1909f56bfc062723c751e8b465ee728b)
Start importing Assets/2D_ART/deku.jpeg using Guid(0576320b11a884197bd668d035ffbe38) Importer(815301076,1909f56bfc062723c751e8b465ee728b)  -> (artifact id: '5c3019f9dba9ea55e511a375f8be87b1') in 0.890941 seconds 
  Import took 0.897707 seconds .

========================================================================
Received Import Request.
  Time since last request: 34.736150 seconds.
  path: Assets/2D_ART/deku.jpeg
  artifactKey: Guid(0576320b11a884197bd668d035ffbe38) Importer(815301076,1909f56bfc062723c751e8b465ee728b)
Start importing Assets/2D_ART/deku.jpeg using Guid(0576320b11a884197bd668d035ffbe38) Importer(815301076,1909f56bfc062723c751e8b465ee728b)  -> (artifact id: 'd0c646e2dfb31b4aaba9234116470922') in 0.190454 seconds 
  Import took 0.201131 seconds .

========================================================================
Received Prepare
Registering precompiled user dll's ...
Registered in 0.009991 seconds.
Begin MonoManager ReloadAssembly
Native extension for OSXStandalone target not found
Refreshing native plugins compatible for Editor in 0.47 ms, found 2 plugins.
Preloading 0 native plugins for Editor in 0.00 ms.
Mono: successfully reloaded assembly
- Completed reload, in  2.001 seconds
Platform modules already initialized, skipping
Refreshing native plugins compatible for Editor in 0.88 ms, found 2 plugins.
Preloading 0 native plugins for Editor in 0.00 ms.
Unloading 1541 Unused Serialized files (Serialized files now loaded: 0)
System memory in use before: 171.5 MB.
System memory in use after: 171.6 MB.

Unloading 15 unused Assets to reduce memory usage. Loaded Objects now: 2021.
Total: 2.755763 ms (FindLiveObjects: 0.193509 ms CreateObjectMapping: 0.052905 ms MarkObjects: 2.427988 ms  DeleteObjects: 0.080022 ms)

AssetImportParameters requested are different than current active one (requested -> active):
  custom:video-decoder-ogg-theora: a1e56fd34408186e4bbccfd4996cb3dc -> 
  custom:container-muxer-webm: aa71ff27fc2769a1b78a27578f13a17b -> 
  custom:container-demuxer-webm: 4f35f7cbe854078d1ac9338744f61a02 -> 
  custom:container-demuxer-ogg: 62fdf1f143b41e24485cea50d1cbac27 -> 
  custom:video-encoder-webm-vp8: eb34c28f22e8b96e1ab97ce403110664 -> 
  custom:framework-osx-AVFoundation: b23960f63f64bdc6ff669e2cdcee2391 -> 
  custom:video-decoder-webm-vp8: 9c59270c3fd7afecdb556c50c9e8de78 -> 
  custom:audio-decoder-ogg-vorbis: bf7c407c2cedff20999df2af8eb42d56 -> 
  custom:audio-encoder-webm-vorbis: bf7c407c2cedff20999df2af8eb42d56 -> 
========================================================================
Received Prepare
Registering precompiled user dll's ...
Registered in 0.027425 seconds.
Begin MonoManager ReloadAssembly
Native extension for OSXStandalone target not found
Refreshing native plugins compatible for Editor in 1.20 ms, found 2 plugins.
Preloading 0 native plugins for Editor in 0.00 ms.
Mono: successfully reloaded assembly
- Completed reload, in  9.695 seconds
Platform modules already initialized, skipping
Refreshing native plugins compatible for Editor in 6.23 ms, found 2 plugins.
Preloading 0 native plugins for Editor in 0.00 ms.
Unloading 1541 Unused Serialized files (Serialized files now loaded: 0)
System memory in use before: 171.7 MB.
System memory in use after: 171.8 MB.

Unloading 15 unused Assets to reduce memory usage. Loaded Objects now: 2024.
Total: 7.928773 ms (FindLiveObjects: 0.925374 ms CreateObjectMapping: 0.351841 ms MarkObjects: 5.774524 ms  DeleteObjects: 0.868473 ms)

AssetImportParameters requested are different than current active one (requested -> active):
  custom:video-decoder-ogg-theora: a1e56fd34408186e4bbccfd4996cb3dc -> 
  custom:container-muxer-webm: aa71ff27fc2769a1b78a27578f13a17b -> 
  custom:container-demuxer-webm: 4f35f7cbe854078d1ac9338744f61a02 -> 
  custom:container-demuxer-ogg: 62fdf1f143b41e24485cea50d1cbac27 -> 
  custom:video-encoder-webm-vp8: eb34c28f22e8b96e1ab97ce403110664 -> 
  custom:framework-osx-AVFoundation: b23960f63f64bdc6ff669e2cdcee2391 -> 
  custom:video-decoder-webm-vp8: 9c59270c3fd7afecdb556c50c9e8de78 -> 
  custom:audio-decoder-ogg-vorbis: bf7c407c2cedff20999df2af8eb42d56 -> 
  custom:audio-encoder-webm-vorbis: bf7c407c2cedff20999df2af8eb42d56 -> 
========================================================================
Received Import Request.
  Time since last request: 4489.825548 seconds.
  path: Assets/Scenes/Level 1.unity
  artifactKey: Guid(9fc0d4010bbf28b4594072e72b8655ab) Importer(815301076,1909f56bfc062723c751e8b465ee728b)
Start importing Assets/Scenes/Level 1.unity using Guid(9fc0d4010bbf28b4594072e72b8655ab) Importer(815301076,1909f56bfc062723c751e8b465ee728b)  -> (artifact id: '3a7f1f1ae4cade80e29b8a494d46cb1c') in 0.476429 seconds 
  Import took 0.525107 seconds .

========================================================================
Received Import Request.
  Time since last request: 107.727999 seconds.
  path: Assets/script/DisplayUI.cs
  artifactKey: Guid(4b364774ab9b24055b8a8ceece73cc91) Importer(815301076,1909f56bfc062723c751e8b465ee728b)
Start importing Assets/script/DisplayUI.cs using Guid(4b364774ab9b24055b8a8ceece73cc91) Importer(815301076,1909f56bfc062723c751e8b465ee728b)  -> (artifact id: 'a41e9425900d32c0cf2b597f7551e316') in 0.038738 seconds 
  Import took 0.046631 seconds .

========================================================================
Received Prepare
Registering precompiled user dll's ...
Registered in 0.020566 seconds.
Begin MonoManager ReloadAssembly
Native extension for OSXStandalone target not found
Refreshing native plugins compatible for Editor in 0.81 ms, found 2 plugins.
Preloading 0 native plugins for Editor in 0.00 ms.
Mono: successfully reloaded assembly
- Completed reload, in  8.374 seconds
Platform modules already initialized, skipping
Refreshing native plugins compatible for Editor in 0.61 ms, found 2 plugins.
Preloading 0 native plugins for Editor in 0.00 ms.
Unloading 1542 Unused Serialized files (Serialized files now loaded: 0)
System memory in use before: 171.9 MB.
System memory in use after: 172.0 MB.

Unloading 15 unused Assets to reduce memory usage. Loaded Objects now: 2028.
Total: 6.949975 ms (FindLiveObjects: 0.730337 ms CreateObjectMapping: 0.168405 ms MarkObjects: 3.638909 ms  DeleteObjects: 2.409196 ms)

AssetImportParameters requested are different than current active one (requested -> active):
  custom:video-decoder-ogg-theora: a1e56fd34408186e4bbccfd4996cb3dc -> 
  custom:container-muxer-webm: aa71ff27fc2769a1b78a27578f13a17b -> 
  custom:container-demuxer-webm: 4f35f7cbe854078d1ac9338744f61a02 -> 
  custom:container-demuxer-ogg: 62fdf1f143b41e24485cea50d1cbac27 -> 
  custom:video-encoder-webm-vp8: eb34c28f22e8b96e1ab97ce403110664 -> 
  custom:framework-osx-AVFoundation: b23960f63f64bdc6ff669e2cdcee2391 -> 
  custom:video-decoder-webm-vp8: 9c59270c3fd7afecdb556c50c9e8de78 -> 
  custom:audio-decoder-ogg-vorbis: bf7c407c2cedff20999df2af8eb42d56 -> 
  custom:audio-encoder-webm-vorbis: bf7c407c2cedff20999df2af8eb42d56 -> 
========================================================================
Received Prepare
Registering precompiled user dll's ...
Registered in 0.011933 seconds.
Begin MonoManager ReloadAssembly
Native extension for OSXStandalone target not found
Refreshing native plugins compatible for Editor in 0.41 ms, found 2 plugins.
Preloading 0 native plugins for Editor in 0.00 ms.
Mono: successfully reloaded assembly
- Completed reload, in  4.361 seconds
Platform modules already initialized, skipping
Refreshing native plugins compatible for Editor in 1.28 ms, found 2 plugins.
Preloading 0 native plugins for Editor in 0.00 ms.
Unloading 1542 Unused Serialized files (Serialized files now loaded: 0)
System memory in use before: 172.2 MB.
System memory in use after: 172.2 MB.

Unloading 15 unused Assets to reduce memory usage. Loaded Objects now: 2031.
Total: 3.282805 ms (FindLiveObjects: 0.525742 ms CreateObjectMapping: 0.443960 ms MarkObjects: 2.216196 ms  DeleteObjects: 0.095220 ms)

AssetImportParameters requested are different than current active one (requested -> active):
  custom:video-decoder-ogg-theora: a1e56fd34408186e4bbccfd4996cb3dc -> 
  custom:container-muxer-webm: aa71ff27fc2769a1b78a27578f13a17b -> 
  custom:container-demuxer-webm: 4f35f7cbe854078d1ac9338744f61a02 -> 
  custom:container-demuxer-ogg: 62fdf1f143b41e24485cea50d1cbac27 -> 
  custom:video-encoder-webm-vp8: eb34c28f22e8b96e1ab97ce403110664 -> 
  custom:framework-osx-AVFoundation: b23960f63f64bdc6ff669e2cdcee2391 -> 
  custom:video-decoder-webm-vp8: 9c59270c3fd7afecdb556c50c9e8de78 -> 
  custom:audio-decoder-ogg-vorbis: bf7c407c2cedff20999df2af8eb42d56 -> 
  custom:audio-encoder-webm-vorbis: bf7c407c2cedff20999df2af8eb42d56 -> 
========================================================================
Received Import Request.
  Time since last request: 706.828347 seconds.
  path: Assets/script/Level_Loader.cs
  artifactKey: Guid(6c43f4f061efd4441a68eaaea7ae851e) Importer(815301076,1909f56bfc062723c751e8b465ee728b)
Start importing Assets/script/Level_Loader.cs using Guid(6c43f4f061efd4441a68eaaea7ae851e) Importer(815301076,1909f56bfc062723c751e8b465ee728b)  -> (artifact id: 'ccde9c2d2575047cff8018bb6af49f2d') in 0.014574 seconds 
  Import took 0.020948 seconds .

========================================================================
Received Prepare
Registering precompiled user dll's ...
Registered in 0.004243 seconds.
Begin MonoManager ReloadAssembly
Native extension for OSXStandalone target not found
Refreshing native plugins compatible for Editor in 0.56 ms, found 2 plugins.
Preloading 0 native plugins for Editor in 0.00 ms.
Mono: successfully reloaded assembly
- Completed reload, in  2.808 seconds
Platform modules already initialized, skipping
Refreshing native plugins compatible for Editor in 0.40 ms, found 2 plugins.
Preloading 0 native plugins for Editor in 0.00 ms.
Unloading 1542 Unused Serialized files (Serialized files now loaded: 0)
System memory in use before: 172.4 MB.
System memory in use after: 172.5 MB.

Unloading 15 unused Assets to reduce memory usage. Loaded Objects now: 2034.
Total: 2.646545 ms (FindLiveObjects: 0.379577 ms CreateObjectMapping: 0.088494 ms MarkObjects: 2.093911 ms  DeleteObjects: 0.083105 ms)

AssetImportParameters requested are different than current active one (requested -> active):
  custom:video-decoder-ogg-theora: a1e56fd34408186e4bbccfd4996cb3dc -> 
  custom:container-muxer-webm: aa71ff27fc2769a1b78a27578f13a17b -> 
  custom:container-demuxer-webm: 4f35f7cbe854078d1ac9338744f61a02 -> 
  custom:container-demuxer-ogg: 62fdf1f143b41e24485cea50d1cbac27 -> 
  custom:video-encoder-webm-vp8: eb34c28f22e8b96e1ab97ce403110664 -> 
  custom:framework-osx-AVFoundation: b23960f63f64bdc6ff669e2cdcee2391 -> 
  custom:video-decoder-webm-vp8: 9c59270c3fd7afecdb556c50c9e8de78 -> 
  custom:audio-decoder-ogg-vorbis: bf7c407c2cedff20999df2af8eb42d56 -> 
  custom:audio-encoder-webm-vorbis: bf7c407c2cedff20999df2af8eb42d56 -> 
========================================================================
Received Import Request.
  Time since last request: 103.486208 seconds.
  path: Assets/script/DisplayUI.cs
  artifactKey: Guid(4b364774ab9b24055b8a8ceece73cc91) Importer(815301076,1909f56bfc062723c751e8b465ee728b)
Start importing Assets/script/DisplayUI.cs using Guid(4b364774ab9b24055b8a8ceece73cc91) Importer(815301076,1909f56bfc062723c751e8b465ee728b)  -> (artifact id: '687fba715db9b9284dcf57ee9d6d300e') in 0.014010 seconds 
  Import took 0.018917 seconds .

========================================================================
Received Import Request.
  Time since last request: 13.902409 seconds.
  path: Assets/materials/New Material 1.mat
  artifactKey: Guid(f09bb3759ff914d669fe55da66128efe) Importer(815301076,1909f56bfc062723c751e8b465ee728b)
Start importing Assets/materials/New Material 1.mat using Guid(f09bb3759ff914d669fe55da66128efe) Importer(815301076,1909f56bfc062723c751e8b465ee728b)  -> (artifact id: 'b22316cef1c43157903b5d7d3a121848') in 1.770155 seconds 
  Import took 1.777629 seconds .

========================================================================
Received Prepare
Registering precompiled user dll's ...
Registered in 0.004803 seconds.
Begin MonoManager ReloadAssembly
Native extension for OSXStandalone target not found
Refreshing native plugins compatible for Editor in 1.03 ms, found 2 plugins.
Preloading 0 native plugins for Editor in 0.00 ms.
Mono: successfully reloaded assembly
- Completed reload, in  7.005 seconds
Platform modules already initialized, skipping
Refreshing native plugins compatible for Editor in 0.52 ms, found 2 plugins.
Preloading 0 native plugins for Editor in 0.00 ms.
Unloading 1542 Unused Serialized files (Serialized files now loaded: 0)
System memory in use before: 177.3 MB.
System memory in use after: 177.4 MB.

Unloading 15 unused Assets to reduce memory usage. Loaded Objects now: 2075.
Total: 3.091388 ms (FindLiveObjects: 0.213097 ms CreateObjectMapping: 0.059292 ms MarkObjects: 2.562579 ms  DeleteObjects: 0.251505 ms)

AssetImportParameters requested are different than current active one (requested -> active):
  custom:video-decoder-ogg-theora: a1e56fd34408186e4bbccfd4996cb3dc -> 
  custom:container-muxer-webm: aa71ff27fc2769a1b78a27578f13a17b -> 
  custom:container-demuxer-webm: 4f35f7cbe854078d1ac9338744f61a02 -> 
  custom:container-demuxer-ogg: 62fdf1f143b41e24485cea50d1cbac27 -> 
  custom:video-encoder-webm-vp8: eb34c28f22e8b96e1ab97ce403110664 -> 
  custom:framework-osx-AVFoundation: b23960f63f64bdc6ff669e2cdcee2391 -> 
  custom:video-decoder-webm-vp8: 9c59270c3fd7afecdb556c50c9e8de78 -> 
  custom:audio-decoder-ogg-vorbis: bf7c407c2cedff20999df2af8eb42d56 -> 
  custom:audio-encoder-webm-vorbis: bf7c407c2cedff20999df2af8eb42d56 -> 
========================================================================
Received Import Request.
  Time since last request: 7663.410690 seconds.
  path: Assets/prefabs/CheckPoint1.prefab
  artifactKey: Guid(3c944c797b2ba457aad42a58feeded02) Importer(815301076,1909f56bfc062723c751e8b465ee728b)
Start importing Assets/prefabs/CheckPoint1.prefab using Guid(3c944c797b2ba457aad42a58feeded02) Importer(815301076,1909f56bfc062723c751e8b465ee728b)  -> (artifact id: '6f886c0ca75d691c211b91d9845a1c18') in 1.006062 seconds 
  Import took 1.037728 seconds .

========================================================================
Received Import Request.
  Time since last request: 12.163956 seconds.
  path: Assets/prefabs/CheckPoint1.prefab
  artifactKey: Guid(3c944c797b2ba457aad42a58feeded02) Importer(815301076,1909f56bfc062723c751e8b465ee728b)
Start importing Assets/prefabs/CheckPoint1.prefab using Guid(3c944c797b2ba457aad42a58feeded02) Importer(815301076,1909f56bfc062723c751e8b465ee728b)  -> (artifact id: '2926abec1b279b2e72282d99a73680c3') in 0.033040 seconds 
  Import took 0.038527 seconds .

========================================================================
Received Import Request.
  Time since last request: 3.175882 seconds.
  path: Assets/prefabs/CheckPoint1.prefab
  artifactKey: Guid(3c944c797b2ba457aad42a58feeded02) Importer(815301076,1909f56bfc062723c751e8b465ee728b)
Start importing Assets/prefabs/CheckPoint1.prefab using Guid(3c944c797b2ba457aad42a58feeded02) Importer(815301076,1909f56bfc062723c751e8b465ee728b)  -> (artifact id: 'c3b280db39deef22e4ae262bbec8db0f') in 0.035148 seconds 
  Import took 0.040173 seconds .

========================================================================
Received Import Request.
  Time since last request: 65.680413 seconds.
  path: Assets/prefabs/CheckPoint1.prefab
  artifactKey: Guid(3c944c797b2ba457aad42a58feeded02) Importer(815301076,1909f56bfc062723c751e8b465ee728b)
Start importing Assets/prefabs/CheckPoint1.prefab using Guid(3c944c797b2ba457aad42a58feeded02) Importer(815301076,1909f56bfc062723c751e8b465ee728b)  -> (artifact id: 'e8e8364ca8c6d998f2218677445b0e60') in 0.029307 seconds 
  Import took 0.034371 seconds .

========================================================================
Received Import Request.
  Time since last request: 15.946633 seconds.
  path: Assets/prefabs/CheckPoint1.prefab
  artifactKey: Guid(3c944c797b2ba457aad42a58feeded02) Importer(815301076,1909f56bfc062723c751e8b465ee728b)
Start importing Assets/prefabs/CheckPoint1.prefab using Guid(3c944c797b2ba457aad42a58feeded02) Importer(815301076,1909f56bfc062723c751e8b465ee728b)  -> (artifact id: '549a456b8f207e0e4c306e3ade33c1b3') in 0.032053 seconds 
  Import took 0.039672 seconds .

========================================================================
Received Import Request.
  Time since last request: 2.490358 seconds.
  path: Assets/prefabs/CheckPoint1.prefab
  artifactKey: Guid(3c944c797b2ba457aad42a58feeded02) Importer(815301076,1909f56bfc062723c751e8b465ee728b)
Start importing Assets/prefabs/CheckPoint1.prefab using Guid(3c944c797b2ba457aad42a58feeded02) Importer(815301076,1909f56bfc062723c751e8b465ee728b)  -> (artifact id: '790e362431393bce0ba52913562ba6d3') in 0.032277 seconds 
  Import took 0.042049 seconds .

========================================================================
Received Import Request.
  Time since last request: 1.854346 seconds.
  path: Assets/prefabs/CheckPoint1.prefab
  artifactKey: Guid(3c944c797b2ba457aad42a58feeded02) Importer(815301076,1909f56bfc062723c751e8b465ee728b)
Start importing Assets/prefabs/CheckPoint1.prefab using Guid(3c944c797b2ba457aad42a58feeded02) Importer(815301076,1909f56bfc062723c751e8b465ee728b)  -> (artifact id: '6755c97ef869105ad06c6772414bcfcd') in 0.026236 seconds 
  Import took 0.032826 seconds .

========================================================================
Received Import Request.
  Time since last request: 1.496601 seconds.
  path: Assets/prefabs/CheckPoint1.prefab
  artifactKey: Guid(3c944c797b2ba457aad42a58feeded02) Importer(815301076,1909f56bfc062723c751e8b465ee728b)
Start importing Assets/prefabs/CheckPoint1.prefab using Guid(3c944c797b2ba457aad42a58feeded02) Importer(815301076,1909f56bfc062723c751e8b465ee728b)  -> (artifact id: '5a1c847b3393ffe69111e7245aa32383') in 0.036022 seconds 
  Import took 0.042956 seconds .

========================================================================
Received Import Request.
  Time since last request: 3.045846 seconds.
  path: Assets/prefabs/CheckPoint1.prefab
  artifactKey: Guid(3c944c797b2ba457aad42a58feeded02) Importer(815301076,1909f56bfc062723c751e8b465ee728b)
Start importing Assets/prefabs/CheckPoint1.prefab using Guid(3c944c797b2ba457aad42a58feeded02) Importer(815301076,1909f56bfc062723c751e8b465ee728b)  -> (artifact id: '8615aa1045f1d1102f12ca40c9460d98') in 0.026979 seconds 
  Import took 0.034225 seconds .

========================================================================
Received Import Request.
  Time since last request: 2.422318 seconds.
  path: Assets/prefabs/CheckPoint1.prefab
  artifactKey: Guid(3c944c797b2ba457aad42a58feeded02) Importer(815301076,1909f56bfc062723c751e8b465ee728b)
Start importing Assets/prefabs/CheckPoint1.prefab using Guid(3c944c797b2ba457aad42a58feeded02) Importer(815301076,1909f56bfc062723c751e8b465ee728b)  -> (artifact id: 'c0fb0f0f840045900fe3fe577650939c') in 0.027253 seconds 
  Import took 0.033693 seconds .

========================================================================
Received Import Request.
  Time since last request: 7.082117 seconds.
  path: Assets/prefabs/CheckPoint1.prefab
  artifactKey: Guid(3c944c797b2ba457aad42a58feeded02) Importer(815301076,1909f56bfc062723c751e8b465ee728b)
Start importing Assets/prefabs/CheckPoint1.prefab using Guid(3c944c797b2ba457aad42a58feeded02) Importer(815301076,1909f56bfc062723c751e8b465ee728b)  -> (artifact id: '747d1ef6f8ed6f726e27a5718e936f97') in 0.038628 seconds 
  Import took 0.044826 seconds .

========================================================================
Received Import Request.
  Time since last request: 3.274987 seconds.
  path: Assets/prefabs/CheckPoint1.prefab
  artifactKey: Guid(3c944c797b2ba457aad42a58feeded02) Importer(815301076,1909f56bfc062723c751e8b465ee728b)
Start importing Assets/prefabs/CheckPoint1.prefab using Guid(3c944c797b2ba457aad42a58feeded02) Importer(815301076,1909f56bfc062723c751e8b465ee728b)  -> (artifact id: '314e3d409fe946bc42750c781e8a2cfe') in 0.016523 seconds 
  Import took 0.023825 seconds .

========================================================================
Received Import Request.
  Time since last request: 87.454084 seconds.
  path: Assets/script/CheckPoint.cs
  artifactKey: Guid(9c2866e0787604a1795fab764892ce54) Importer(815301076,1909f56bfc062723c751e8b465ee728b)
Start importing Assets/script/CheckPoint.cs using Guid(9c2866e0787604a1795fab764892ce54) Importer(815301076,1909f56bfc062723c751e8b465ee728b)  -> (artifact id: '52f3d2e2eb428e62aa38adef9c6c1158') in 0.036459 seconds 
  Import took 0.046936 seconds .

========================================================================
Received Prepare
Registering precompiled user dll's ...
Registered in 0.008057 seconds.
Begin MonoManager ReloadAssembly
Native extension for OSXStandalone target not found
Refreshing native plugins compatible for Editor in 1.29 ms, found 2 plugins.
Preloading 0 native plugins for Editor in 0.00 ms.
Mono: successfully reloaded assembly
- Completed reload, in  2.190 seconds
Platform modules already initialized, skipping
Refreshing native plugins compatible for Editor in 0.61 ms, found 2 plugins.
Preloading 0 native plugins for Editor in 0.00 ms.
Unloading 1543 Unused Serialized files (Serialized files now loaded: 0)
System memory in use before: 182.1 MB.
System memory in use after: 182.1 MB.

Unloading 16 unused Assets to reduce memory usage. Loaded Objects now: 2081.
Total: 3.185486 ms (FindLiveObjects: 0.476977 ms CreateObjectMapping: 0.109578 ms MarkObjects: 2.511295 ms  DeleteObjects: 0.085979 ms)

AssetImportParameters requested are different than current active one (requested -> active):
  custom:video-decoder-ogg-theora: a1e56fd34408186e4bbccfd4996cb3dc -> 
  custom:container-muxer-webm: aa71ff27fc2769a1b78a27578f13a17b -> 
  custom:container-demuxer-webm: 4f35f7cbe854078d1ac9338744f61a02 -> 
  custom:container-demuxer-ogg: 62fdf1f143b41e24485cea50d1cbac27 -> 
  custom:video-encoder-webm-vp8: eb34c28f22e8b96e1ab97ce403110664 -> 
  custom:framework-osx-AVFoundation: b23960f63f64bdc6ff669e2cdcee2391 -> 
  custom:video-decoder-webm-vp8: 9c59270c3fd7afecdb556c50c9e8de78 -> 
  custom:audio-decoder-ogg-vorbis: bf7c407c2cedff20999df2af8eb42d56 -> 
  custom:audio-encoder-webm-vorbis: bf7c407c2cedff20999df2af8eb42d56 -> 
========================================================================
Received Import Request.
  Time since last request: 203.933619 seconds.
  path: Assets/script/CheckPointLoader.cs
  artifactKey: Guid(d28d5ad2eb0384134b366ec764030acf) Importer(815301076,1909f56bfc062723c751e8b465ee728b)
Start importing Assets/script/CheckPointLoader.cs using Guid(d28d5ad2eb0384134b366ec764030acf) Importer(815301076,1909f56bfc062723c751e8b465ee728b)  -> (artifact id: 'e0f5dfc4e3d205309fb590bea7593a68') in 0.014426 seconds 
  Import took 0.019448 seconds .

========================================================================
Received Prepare
Registering precompiled user dll's ...
Registered in 0.006196 seconds.
Begin MonoManager ReloadAssembly
Native extension for OSXStandalone target not found
Refreshing native plugins compatible for Editor in 0.41 ms, found 2 plugins.
Preloading 0 native plugins for Editor in 0.00 ms.
Mono: successfully reloaded assembly
- Completed reload, in  2.196 seconds
Platform modules already initialized, skipping
Refreshing native plugins compatible for Editor in 0.61 ms, found 2 plugins.
Preloading 0 native plugins for Editor in 0.00 ms.
Unloading 1544 Unused Serialized files (Serialized files now loaded: 0)
System memory in use before: 182.2 MB.
System memory in use after: 182.3 MB.

Unloading 15 unused Assets to reduce memory usage. Loaded Objects now: 2085.
Total: 3.814285 ms (FindLiveObjects: 0.599344 ms CreateObjectMapping: 0.171493 ms MarkObjects: 2.939545 ms  DeleteObjects: 0.101962 ms)

AssetImportParameters requested are different than current active one (requested -> active):
  custom:video-decoder-ogg-theora: a1e56fd34408186e4bbccfd4996cb3dc -> 
  custom:container-muxer-webm: aa71ff27fc2769a1b78a27578f13a17b -> 
  custom:container-demuxer-webm: 4f35f7cbe854078d1ac9338744f61a02 -> 
  custom:container-demuxer-ogg: 62fdf1f143b41e24485cea50d1cbac27 -> 
  custom:video-encoder-webm-vp8: eb34c28f22e8b96e1ab97ce403110664 -> 
  custom:framework-osx-AVFoundation: b23960f63f64bdc6ff669e2cdcee2391 -> 
  custom:video-decoder-webm-vp8: 9c59270c3fd7afecdb556c50c9e8de78 -> 
  custom:audio-decoder-ogg-vorbis: bf7c407c2cedff20999df2af8eb42d56 -> 
  custom:audio-encoder-webm-vorbis: bf7c407c2cedff20999df2af8eb42d56 -> 
========================================================================
Received Import Request.
  Time since last request: 21.444529 seconds.
  path: Assets/script/Level
  artifactKey: Guid(c43aeaedd32e241d2a83735db7fbebd0) Importer(815301076,1909f56bfc062723c751e8b465ee728b)
Start importing Assets/script/Level using Guid(c43aeaedd32e241d2a83735db7fbebd0) Importer(815301076,1909f56bfc062723c751e8b465ee728b)  -> (artifact id: 'ffc56532be847968d92ce92d3533094f') in 0.010133 seconds 
  Import took 0.021127 seconds .

========================================================================
Received Prepare
Registering precompiled user dll's ...
Registered in 0.002607 seconds.
Begin MonoManager ReloadAssembly
Native extension for OSXStandalone target not found
Refreshing native plugins compatible for Editor in 0.45 ms, found 2 plugins.
Preloading 0 native plugins for Editor in 0.00 ms.
Mono: successfully reloaded assembly
- Completed reload, in  2.558 seconds
Platform modules already initialized, skipping
Refreshing native plugins compatible for Editor in 0.54 ms, found 2 plugins.
Preloading 0 native plugins for Editor in 0.00 ms.
Unloading 1544 Unused Serialized files (Serialized files now loaded: 0)
System memory in use before: 182.4 MB.
System memory in use after: 182.5 MB.

Unloading 15 unused Assets to reduce memory usage. Loaded Objects now: 2088.
Total: 3.661559 ms (FindLiveObjects: 0.583727 ms CreateObjectMapping: 0.303289 ms MarkObjects: 2.591551 ms  DeleteObjects: 0.180494 ms)

AssetImportParameters requested are different than current active one (requested -> active):
  custom:video-decoder-ogg-theora: a1e56fd34408186e4bbccfd4996cb3dc -> 
  custom:container-muxer-webm: aa71ff27fc2769a1b78a27578f13a17b -> 
  custom:container-demuxer-webm: 4f35f7cbe854078d1ac9338744f61a02 -> 
  custom:container-demuxer-ogg: 62fdf1f143b41e24485cea50d1cbac27 -> 
  custom:video-encoder-webm-vp8: eb34c28f22e8b96e1ab97ce403110664 -> 
  custom:framework-osx-AVFoundation: b23960f63f64bdc6ff669e2cdcee2391 -> 
  custom:video-decoder-webm-vp8: 9c59270c3fd7afecdb556c50c9e8de78 -> 
  custom:audio-decoder-ogg-vorbis: bf7c407c2cedff20999df2af8eb42d56 -> 
  custom:audio-encoder-webm-vorbis: bf7c407c2cedff20999df2af8eb42d56 -> 
========================================================================
Received Prepare
Registering precompiled user dll's ...
Registered in 0.002055 seconds.
Begin MonoManager ReloadAssembly
Native extension for OSXStandalone target not found
Refreshing native plugins compatible for Editor in 0.68 ms, found 2 plugins.
Preloading 0 native plugins for Editor in 0.00 ms.
Mono: successfully reloaded assembly
- Completed reload, in  3.009 seconds
Platform modules already initialized, skipping
Refreshing native plugins compatible for Editor in 0.76 ms, found 2 plugins.
Preloading 0 native plugins for Editor in 0.00 ms.
Unloading 1544 Unused Serialized files (Serialized files now loaded: 0)
System memory in use before: 182.6 MB.
System memory in use after: 182.6 MB.

Unloading 15 unused Assets to reduce memory usage. Loaded Objects now: 2091.
Total: 6.463156 ms (FindLiveObjects: 0.516789 ms CreateObjectMapping: 0.091398 ms MarkObjects: 5.740771 ms  DeleteObjects: 0.111714 ms)

AssetImportParameters requested are different than current active one (requested -> active):
  custom:video-decoder-ogg-theora: a1e56fd34408186e4bbccfd4996cb3dc -> 
  custom:container-muxer-webm: aa71ff27fc2769a1b78a27578f13a17b -> 
  custom:container-demuxer-webm: 4f35f7cbe854078d1ac9338744f61a02 -> 
  custom:container-demuxer-ogg: 62fdf1f143b41e24485cea50d1cbac27 -> 
  custom:video-encoder-webm-vp8: eb34c28f22e8b96e1ab97ce403110664 -> 
  custom:framework-osx-AVFoundation: b23960f63f64bdc6ff669e2cdcee2391 -> 
  custom:video-decoder-webm-vp8: 9c59270c3fd7afecdb556c50c9e8de78 -> 
  custom:audio-decoder-ogg-vorbis: bf7c407c2cedff20999df2af8eb42d56 -> 
  custom:audio-encoder-webm-vorbis: bf7c407c2cedff20999df2af8eb42d56 -> 
========================================================================
Received Prepare
Registering precompiled user dll's ...
Registered in 0.007534 seconds.
Begin MonoManager ReloadAssembly
Native extension for OSXStandalone target not found
Refreshing native plugins compatible for Editor in 0.41 ms, found 2 plugins.
Preloading 0 native plugins for Editor in 0.00 ms.
Mono: successfully reloaded assembly
- Completed reload, in  2.927 seconds
Platform modules already initialized, skipping
Refreshing native plugins compatible for Editor in 0.41 ms, found 2 plugins.
Preloading 0 native plugins for Editor in 0.00 ms.
Unloading 1544 Unused Serialized files (Serialized files now loaded: 0)
System memory in use before: 182.8 MB.
System memory in use after: 182.9 MB.

Unloading 15 unused Assets to reduce memory usage. Loaded Objects now: 2094.
Total: 2.704416 ms (FindLiveObjects: 0.303369 ms CreateObjectMapping: 0.070937 ms MarkObjects: 2.198213 ms  DeleteObjects: 0.128937 ms)

AssetImportParameters requested are different than current active one (requested -> active):
  custom:video-decoder-ogg-theora: a1e56fd34408186e4bbccfd4996cb3dc -> 
  custom:container-muxer-webm: aa71ff27fc2769a1b78a27578f13a17b -> 
  custom:container-demuxer-webm: 4f35f7cbe854078d1ac9338744f61a02 -> 
  custom:container-demuxer-ogg: 62fdf1f143b41e24485cea50d1cbac27 -> 
  custom:video-encoder-webm-vp8: eb34c28f22e8b96e1ab97ce403110664 -> 
  custom:framework-osx-AVFoundation: b23960f63f64bdc6ff669e2cdcee2391 -> 
  custom:video-decoder-webm-vp8: 9c59270c3fd7afecdb556c50c9e8de78 -> 
  custom:audio-decoder-ogg-vorbis: bf7c407c2cedff20999df2af8eb42d56 -> 
  custom:audio-encoder-webm-vorbis: bf7c407c2cedff20999df2af8eb42d56 -> 
========================================================================
Received Import Request.
  Time since last request: 232.603208 seconds.
  path: Assets/script/CheckPointLoader.cs
  artifactKey: Guid(d28d5ad2eb0384134b366ec764030acf) Importer(815301076,1909f56bfc062723c751e8b465ee728b)
Start importing Assets/script/CheckPointLoader.cs using Guid(d28d5ad2eb0384134b366ec764030acf) Importer(815301076,1909f56bfc062723c751e8b465ee728b)  -> (artifact id: '4521d43b328573fa3191b426c42bb9f2') in 0.015947 seconds 
  Import took 0.032149 seconds .

========================================================================
Received Import Request.
  Time since last request: 373.298418 seconds.
  path: Assets/script/CheckPointLoader.cs
  artifactKey: Guid(d28d5ad2eb0384134b366ec764030acf) Importer(815301076,1909f56bfc062723c751e8b465ee728b)
Start importing Assets/script/CheckPointLoader.cs using Guid(d28d5ad2eb0384134b366ec764030acf) Importer(815301076,1909f56bfc062723c751e8b465ee728b)  -> (artifact id: '8d340e23cac9802e741518c6a95fbb7e') in 0.009960 seconds 
  Import took 0.023772 seconds .

========================================================================
Received Import Request.
  Time since last request: 27.635941 seconds.
  path: Assets/script/CheckPointLoader.cs
  artifactKey: Guid(d28d5ad2eb0384134b366ec764030acf) Importer(815301076,1909f56bfc062723c751e8b465ee728b)
Start importing Assets/script/CheckPointLoader.cs using Guid(d28d5ad2eb0384134b366ec764030acf) Importer(815301076,1909f56bfc062723c751e8b465ee728b)  -> (artifact id: '665cf802d2bb6783a3b544711f0664f1') in 0.011214 seconds 
  Import took 0.021263 seconds .

========================================================================
Received Import Request.
  Time since last request: 160.378514 seconds.
  path: Assets/script/Level/Death_Trigger.cs
  artifactKey: Guid(8d7a09afaa5364b31b0e2ec1b8db872e) Importer(815301076,1909f56bfc062723c751e8b465ee728b)
Start importing Assets/script/Level/Death_Trigger.cs using Guid(8d7a09afaa5364b31b0e2ec1b8db872e) Importer(815301076,1909f56bfc062723c751e8b465ee728b)  -> (artifact id: '940944db78941f94e6c2751e7b0ed565') in 0.007473 seconds 
  Import took 0.016882 seconds .

========================================================================
Received Import Request.
  Time since last request: 20.354432 seconds.
  path: Assets/script/Level_Loader.cs
  artifactKey: Guid(60a7785d851f7418bb2e2e25e8306767) Importer(815301076,1909f56bfc062723c751e8b465ee728b)
Start importing Assets/script/Level_Loader.cs using Guid(60a7785d851f7418bb2e2e25e8306767) Importer(815301076,1909f56bfc062723c751e8b465ee728b)  -> (artifact id: 'e0068e7f7b53f56c011c4dace55f9d80') in 0.008244 seconds 
  Import took 0.014142 seconds .

========================================================================
Received Import Request.
  Time since last request: 2.003170 seconds.
  path: Assets/script/Death_Trigger.cs
  artifactKey: Guid(6bc2744a337704b29bcf50ab769e70c9) Importer(815301076,1909f56bfc062723c751e8b465ee728b)
Start importing Assets/script/Death_Trigger.cs using Guid(6bc2744a337704b29bcf50ab769e70c9) Importer(815301076,1909f56bfc062723c751e8b465ee728b)  -> (artifact id: '53822a1e91538a10df73f9a02bda9728') in 0.013808 seconds 
  Import took 0.025830 seconds .

========================================================================
Received Import Request.
  Time since last request: 70.155997 seconds.
  path: Assets/script/playr.cs
  artifactKey: Guid(d988bb0e449bad249bc5386f497f54de) Importer(815301076,1909f56bfc062723c751e8b465ee728b)
Start importing Assets/script/playr.cs using Guid(d988bb0e449bad249bc5386f497f54de) Importer(815301076,1909f56bfc062723c751e8b465ee728b)  -> (artifact id: '90b25a003eaf4833e1581bd29dfcc98c') in 0.006349 seconds 
  Import took 0.011718 seconds .

========================================================================
Received Import Request.
  Time since last request: 0.002236 seconds.
  path: Assets/script/playr.cs
  artifactKey: Guid(d988bb0e449bad249bc5386f497f54de) Importer(815301076,1909f56bfc062723c751e8b465ee728b)
Start importing Assets/script/playr.cs using Guid(d988bb0e449bad249bc5386f497f54de) Importer(815301076,1909f56bfc062723c751e8b465ee728b)  -> (artifact id: '90b25a003eaf4833e1581bd29dfcc98c') in 0.009736 seconds 
  Import took 0.017120 seconds .

========================================================================
Received Import Request.
  Time since last request: 40.060900 seconds.
  path: Assets/script/playr.cs
  artifactKey: Guid(d988bb0e449bad249bc5386f497f54de) Importer(815301076,1909f56bfc062723c751e8b465ee728b)
Start importing Assets/script/playr.cs using Guid(d988bb0e449bad249bc5386f497f54de) Importer(815301076,1909f56bfc062723c751e8b465ee728b)  -> (artifact id: '05df3cb028cfe336a4bfec62af2d2565') in 0.006412 seconds 
  Import took 0.011133 seconds .

========================================================================
Received Import Request.
  Time since last request: 104.395710 seconds.
  path: Assets/script/GameManager.cs
  artifactKey: Guid(44f31b0531e1c114292c833ee8b50450) Importer(815301076,1909f56bfc062723c751e8b465ee728b)
Start importing Assets/script/GameManager.cs using Guid(44f31b0531e1c114292c833ee8b50450) Importer(815301076,1909f56bfc062723c751e8b465ee728b)  -> (artifact id: 'e1ac4d267dfd1580595ba6cfb45988a0') in 0.007125 seconds 
  Import took 0.016381 seconds .

========================================================================
Received Prepare
Registering precompiled user dll's ...
Registered in 0.006847 seconds.
Begin MonoManager ReloadAssembly
Native extension for OSXStandalone target not found
Refreshing native plugins compatible for Editor in 0.41 ms, found 2 plugins.
Preloading 0 native plugins for Editor in 0.00 ms.
Mono: successfully reloaded assembly
- Completed reload, in  2.071 seconds
Platform modules already initialized, skipping
Refreshing native plugins compatible for Editor in 0.67 ms, found 2 plugins.
Preloading 0 native plugins for Editor in 0.00 ms.
Unloading 1544 Unused Serialized files (Serialized files now loaded: 0)
System memory in use before: 182.9 MB.
System memory in use after: 183.0 MB.

Unloading 17 unused Assets to reduce memory usage. Loaded Objects now: 2097.
Total: 2.247550 ms (FindLiveObjects: 0.209115 ms CreateObjectMapping: 0.054059 ms MarkObjects: 1.897338 ms  DeleteObjects: 0.085920 ms)

AssetImportParameters requested are different than current active one (requested -> active):
  custom:video-decoder-ogg-theora: a1e56fd34408186e4bbccfd4996cb3dc -> 
  custom:container-muxer-webm: aa71ff27fc2769a1b78a27578f13a17b -> 
  custom:container-demuxer-webm: 4f35f7cbe854078d1ac9338744f61a02 -> 
  custom:container-demuxer-ogg: 62fdf1f143b41e24485cea50d1cbac27 -> 
  custom:video-encoder-webm-vp8: eb34c28f22e8b96e1ab97ce403110664 -> 
  custom:framework-osx-AVFoundation: b23960f63f64bdc6ff669e2cdcee2391 -> 
  custom:video-decoder-webm-vp8: 9c59270c3fd7afecdb556c50c9e8de78 -> 
  custom:audio-decoder-ogg-vorbis: bf7c407c2cedff20999df2af8eb42d56 -> 
  custom:audio-encoder-webm-vorbis: bf7c407c2cedff20999df2af8eb42d56 -> 
========================================================================
Received Prepare
Registering precompiled user dll's ...
Registered in 0.003217 seconds.
Begin MonoManager ReloadAssembly
Native extension for OSXStandalone target not found
Refreshing native plugins compatible for Editor in 0.44 ms, found 2 plugins.
Preloading 0 native plugins for Editor in 0.00 ms.
Mono: successfully reloaded assembly
- Completed reload, in  2.270 seconds
Platform modules already initialized, skipping
Refreshing native plugins compatible for Editor in 0.57 ms, found 2 plugins.
Preloading 0 native plugins for Editor in 0.00 ms.
Unloading 1544 Unused Serialized files (Serialized files now loaded: 0)
System memory in use before: 183.2 MB.
System memory in use after: 183.2 MB.

Unloading 15 unused Assets to reduce memory usage. Loaded Objects now: 2100.
Total: 2.745633 ms (FindLiveObjects: 0.413707 ms CreateObjectMapping: 0.198055 ms MarkObjects: 2.047938 ms  DeleteObjects: 0.083599 ms)

AssetImportParameters requested are different than current active one (requested -> active):
  custom:video-decoder-ogg-theora: a1e56fd34408186e4bbccfd4996cb3dc -> 
  custom:container-muxer-webm: aa71ff27fc2769a1b78a27578f13a17b -> 
  custom:container-demuxer-webm: 4f35f7cbe854078d1ac9338744f61a02 -> 
  custom:container-demuxer-ogg: 62fdf1f143b41e24485cea50d1cbac27 -> 
  custom:video-encoder-webm-vp8: eb34c28f22e8b96e1ab97ce403110664 -> 
  custom:framework-osx-AVFoundation: b23960f63f64bdc6ff669e2cdcee2391 -> 
  custom:video-decoder-webm-vp8: 9c59270c3fd7afecdb556c50c9e8de78 -> 
  custom:audio-decoder-ogg-vorbis: bf7c407c2cedff20999df2af8eb42d56 -> 
  custom:audio-encoder-webm-vorbis: bf7c407c2cedff20999df2af8eb42d56 -> 
========================================================================
Received Prepare
Registering precompiled user dll's ...
Registered in 0.003040 seconds.
Begin MonoManager ReloadAssembly
Native extension for OSXStandalone target not found
Refreshing native plugins compatible for Editor in 0.53 ms, found 2 plugins.
Preloading 0 native plugins for Editor in 0.00 ms.
Mono: successfully reloaded assembly
- Completed reload, in  2.155 seconds
Platform modules already initialized, skipping
Refreshing native plugins compatible for Editor in 0.72 ms, found 2 plugins.
Preloading 0 native plugins for Editor in 0.00 ms.
Unloading 1544 Unused Serialized files (Serialized files now loaded: 0)
System memory in use before: 183.3 MB.
System memory in use after: 183.4 MB.

Unloading 15 unused Assets to reduce memory usage. Loaded Objects now: 2103.
Total: 2.775296 ms (FindLiveObjects: 0.341928 ms CreateObjectMapping: 0.079689 ms MarkObjects: 2.260480 ms  DeleteObjects: 0.091168 ms)

AssetImportParameters requested are different than current active one (requested -> active):
  custom:video-decoder-ogg-theora: a1e56fd34408186e4bbccfd4996cb3dc -> 
  custom:container-muxer-webm: aa71ff27fc2769a1b78a27578f13a17b -> 
  custom:container-demuxer-webm: 4f35f7cbe854078d1ac9338744f61a02 -> 
  custom:container-demuxer-ogg: 62fdf1f143b41e24485cea50d1cbac27 -> 
  custom:video-encoder-webm-vp8: eb34c28f22e8b96e1ab97ce403110664 -> 
  custom:framework-osx-AVFoundation: b23960f63f64bdc6ff669e2cdcee2391 -> 
  custom:video-decoder-webm-vp8: 9c59270c3fd7afecdb556c50c9e8de78 -> 
  custom:audio-decoder-ogg-vorbis: bf7c407c2cedff20999df2af8eb42d56 -> 
  custom:audio-encoder-webm-vorbis: bf7c407c2cedff20999df2af8eb42d56 -> 
========================================================================
Received Prepare
Registering precompiled user dll's ...
Registered in 0.005143 seconds.
Begin MonoManager ReloadAssembly
Native extension for OSXStandalone target not found
Refreshing native plugins compatible for Editor in 0.74 ms, found 2 plugins.
Preloading 0 native plugins for Editor in 0.00 ms.
Mono: successfully reloaded assembly
- Completed reload, in  1.934 seconds
Platform modules already initialized, skipping
Refreshing native plugins compatible for Editor in 0.41 ms, found 2 plugins.
Preloading 0 native plugins for Editor in 0.00 ms.
Unloading 1544 Unused Serialized files (Serialized files now loaded: 0)
System memory in use before: 183.4 MB.
System memory in use after: 183.5 MB.

Unloading 15 unused Assets to reduce memory usage. Loaded Objects now: 2106.
Total: 2.933952 ms (FindLiveObjects: 0.287487 ms CreateObjectMapping: 0.110643 ms MarkObjects: 2.453282 ms  DeleteObjects: 0.081239 ms)

AssetImportParameters requested are different than current active one (requested -> active):
  custom:video-decoder-ogg-theora: a1e56fd34408186e4bbccfd4996cb3dc -> 
  custom:container-muxer-webm: aa71ff27fc2769a1b78a27578f13a17b -> 
  custom:container-demuxer-webm: 4f35f7cbe854078d1ac9338744f61a02 -> 
  custom:container-demuxer-ogg: 62fdf1f143b41e24485cea50d1cbac27 -> 
  custom:video-encoder-webm-vp8: eb34c28f22e8b96e1ab97ce403110664 -> 
  custom:framework-osx-AVFoundation: b23960f63f64bdc6ff669e2cdcee2391 -> 
  custom:video-decoder-webm-vp8: 9c59270c3fd7afecdb556c50c9e8de78 -> 
  custom:audio-decoder-ogg-vorbis: bf7c407c2cedff20999df2af8eb42d56 -> 
  custom:audio-encoder-webm-vorbis: bf7c407c2cedff20999df2af8eb42d56 -> 
========================================================================
Received Import Request.
  Time since last request: 441.125056 seconds.
  path: Assets/script/CheckPoint.cs
  artifactKey: Guid(9c2866e0787604a1795fab764892ce54) Importer(815301076,1909f56bfc062723c751e8b465ee728b)
Start importing Assets/script/CheckPoint.cs using Guid(9c2866e0787604a1795fab764892ce54) Importer(815301076,1909f56bfc062723c751e8b465ee728b)  -> (artifact id: '364d247d690be6d2b124adeb530c89d9') in 0.014260 seconds 
  Import took 0.027492 seconds .

========================================================================
Received Prepare
Registering precompiled user dll's ...
Registered in 0.003494 seconds.
Begin MonoManager ReloadAssembly
Native extension for OSXStandalone target not found
Refreshing native plugins compatible for Editor in 0.43 ms, found 2 plugins.
Preloading 0 native plugins for Editor in 0.00 ms.
Mono: successfully reloaded assembly
- Completed reload, in  2.290 seconds
Platform modules already initialized, skipping
Refreshing native plugins compatible for Editor in 0.41 ms, found 2 plugins.
Preloading 0 native plugins for Editor in 0.00 ms.
Unloading 1544 Unused Serialized files (Serialized files now loaded: 0)
System memory in use before: 183.6 MB.
System memory in use after: 183.7 MB.

Unloading 15 unused Assets to reduce memory usage. Loaded Objects now: 2109.
Total: 3.004194 ms (FindLiveObjects: 0.299073 ms CreateObjectMapping: 0.109590 ms MarkObjects: 2.509065 ms  DeleteObjects: 0.085038 ms)

AssetImportParameters requested are different than current active one (requested -> active):
  custom:video-decoder-ogg-theora: a1e56fd34408186e4bbccfd4996cb3dc -> 
  custom:container-muxer-webm: aa71ff27fc2769a1b78a27578f13a17b -> 
  custom:container-demuxer-webm: 4f35f7cbe854078d1ac9338744f61a02 -> 
  custom:container-demuxer-ogg: 62fdf1f143b41e24485cea50d1cbac27 -> 
  custom:video-encoder-webm-vp8: eb34c28f22e8b96e1ab97ce403110664 -> 
  custom:framework-osx-AVFoundation: b23960f63f64bdc6ff669e2cdcee2391 -> 
  custom:video-decoder-webm-vp8: 9c59270c3fd7afecdb556c50c9e8de78 -> 
  custom:audio-decoder-ogg-vorbis: bf7c407c2cedff20999df2af8eb42d56 -> 
  custom:audio-encoder-webm-vorbis: bf7c407c2cedff20999df2af8eb42d56 -> 
========================================================================
Received Import Request.
  Time since last request: 238.232849 seconds.
  path: Assets/script/CheckPoint.cs
  artifactKey: Guid(9c2866e0787604a1795fab764892ce54) Importer(815301076,1909f56bfc062723c751e8b465ee728b)
Start importing Assets/script/CheckPoint.cs using Guid(9c2866e0787604a1795fab764892ce54) Importer(815301076,1909f56bfc062723c751e8b465ee728b)  -> (artifact id: '469c0781ba7acb3279776ac36d9c60b1') in 0.009325 seconds 
  Import took 0.013641 seconds .

========================================================================
Received Prepare
Registering precompiled user dll's ...
Registered in 0.007786 seconds.
Begin MonoManager ReloadAssembly
Native extension for OSXStandalone target not found
Refreshing native plugins compatible for Editor in 0.45 ms, found 2 plugins.
Preloading 0 native plugins for Editor in 0.00 ms.
Mono: successfully reloaded assembly
- Completed reload, in  2.011 seconds
Platform modules already initialized, skipping
Refreshing native plugins compatible for Editor in 0.41 ms, found 2 plugins.
Preloading 0 native plugins for Editor in 0.00 ms.
Unloading 1544 Unused Serialized files (Serialized files now loaded: 0)
System memory in use before: 183.9 MB.
System memory in use after: 184.0 MB.

Unloading 15 unused Assets to reduce memory usage. Loaded Objects now: 2112.
Total: 2.797388 ms (FindLiveObjects: 0.357004 ms CreateObjectMapping: 0.115246 ms MarkObjects: 2.239432 ms  DeleteObjects: 0.083938 ms)

AssetImportParameters requested are different than current active one (requested -> active):
  custom:video-decoder-ogg-theora: a1e56fd34408186e4bbccfd4996cb3dc -> 
  custom:container-muxer-webm: aa71ff27fc2769a1b78a27578f13a17b -> 
  custom:container-demuxer-webm: 4f35f7cbe854078d1ac9338744f61a02 -> 
  custom:container-demuxer-ogg: 62fdf1f143b41e24485cea50d1cbac27 -> 
  custom:video-encoder-webm-vp8: eb34c28f22e8b96e1ab97ce403110664 -> 
  custom:framework-osx-AVFoundation: b23960f63f64bdc6ff669e2cdcee2391 -> 
  custom:video-decoder-webm-vp8: 9c59270c3fd7afecdb556c50c9e8de78 -> 
  custom:audio-decoder-ogg-vorbis: bf7c407c2cedff20999df2af8eb42d56 -> 
  custom:audio-encoder-webm-vorbis: bf7c407c2cedff20999df2af8eb42d56 -> 
========================================================================
Received Prepare
Registering precompiled user dll's ...
Registered in 0.005600 seconds.
Begin MonoManager ReloadAssembly
Native extension for OSXStandalone target not found
Refreshing native plugins compatible for Editor in 0.51 ms, found 2 plugins.
Preloading 0 native plugins for Editor in 0.00 ms.
Mono: successfully reloaded assembly
- Completed reload, in  2.362 seconds
Platform modules already initialized, skipping
Refreshing native plugins compatible for Editor in 0.41 ms, found 2 plugins.
Preloading 0 native plugins for Editor in 0.00 ms.
Unloading 1544 Unused Serialized files (Serialized files now loaded: 0)
System memory in use before: 184.0 MB.
System memory in use after: 184.1 MB.

Unloading 15 unused Assets to reduce memory usage. Loaded Objects now: 2115.
Total: 3.582442 ms (FindLiveObjects: 0.259284 ms CreateObjectMapping: 0.056272 ms MarkObjects: 3.167463 ms  DeleteObjects: 0.097801 ms)

AssetImportParameters requested are different than current active one (requested -> active):
  custom:video-decoder-ogg-theora: a1e56fd34408186e4bbccfd4996cb3dc -> 
  custom:container-muxer-webm: aa71ff27fc2769a1b78a27578f13a17b -> 
  custom:container-demuxer-webm: 4f35f7cbe854078d1ac9338744f61a02 -> 
  custom:container-demuxer-ogg: 62fdf1f143b41e24485cea50d1cbac27 -> 
  custom:video-encoder-webm-vp8: eb34c28f22e8b96e1ab97ce403110664 -> 
  custom:framework-osx-AVFoundation: b23960f63f64bdc6ff669e2cdcee2391 -> 
  custom:video-decoder-webm-vp8: 9c59270c3fd7afecdb556c50c9e8de78 -> 
  custom:audio-decoder-ogg-vorbis: bf7c407c2cedff20999df2af8eb42d56 -> 
  custom:audio-encoder-webm-vorbis: bf7c407c2cedff20999df2af8eb42d56 -> 
========================================================================
Received Prepare
Registering precompiled user dll's ...
Registered in 0.065414 seconds.
Begin MonoManager ReloadAssembly
Native extension for OSXStandalone target not found
Refreshing native plugins compatible for Editor in 0.41 ms, found 2 plugins.
Preloading 0 native plugins for Editor in 0.00 ms.
Mono: successfully reloaded assembly
- Completed reload, in  2.130 seconds
Platform modules already initialized, skipping
Refreshing native plugins compatible for Editor in 0.48 ms, found 2 plugins.
Preloading 0 native plugins for Editor in 0.00 ms.
Unloading 1544 Unused Serialized files (Serialized files now loaded: 0)
System memory in use before: 184.2 MB.
System memory in use after: 184.3 MB.

Unloading 15 unused Assets to reduce memory usage. Loaded Objects now: 2118.
Total: 2.241431 ms (FindLiveObjects: 0.226072 ms CreateObjectMapping: 0.054951 ms MarkObjects: 1.876963 ms  DeleteObjects: 0.081931 ms)

AssetImportParameters requested are different than current active one (requested -> active):
  custom:video-decoder-ogg-theora: a1e56fd34408186e4bbccfd4996cb3dc -> 
  custom:container-muxer-webm: aa71ff27fc2769a1b78a27578f13a17b -> 
  custom:container-demuxer-webm: 4f35f7cbe854078d1ac9338744f61a02 -> 
  custom:container-demuxer-ogg: 62fdf1f143b41e24485cea50d1cbac27 -> 
  custom:video-encoder-webm-vp8: eb34c28f22e8b96e1ab97ce403110664 -> 
  custom:framework-osx-AVFoundation: b23960f63f64bdc6ff669e2cdcee2391 -> 
  custom:video-decoder-webm-vp8: 9c59270c3fd7afecdb556c50c9e8de78 -> 
  custom:audio-decoder-ogg-vorbis: bf7c407c2cedff20999df2af8eb42d56 -> 
  custom:audio-encoder-webm-vorbis: bf7c407c2cedff20999df2af8eb42d56 -> 
========================================================================
Received Prepare
Registering precompiled user dll's ...
Registered in 0.012113 seconds.
Begin MonoManager ReloadAssembly
Native extension for OSXStandalone target not found
Refreshing native plugins compatible for Editor in 0.48 ms, found 2 plugins.
Preloading 0 native plugins for Editor in 0.00 ms.
Mono: successfully reloaded assembly
- Completed reload, in  2.072 seconds
Platform modules already initialized, skipping
Refreshing native plugins compatible for Editor in 0.55 ms, found 2 plugins.
Preloading 0 native plugins for Editor in 0.00 ms.
Unloading 1547 Unused Serialized files (Serialized files now loaded: 0)
System memory in use before: 185.0 MB.
System memory in use after: 184.7 MB.

Unloading 17 unused Assets to reduce memory usage. Loaded Objects now: 2122.
Total: 2.695499 ms (FindLiveObjects: 0.207210 ms CreateObjectMapping: 0.074703 ms MarkObjects: 2.075453 ms  DeleteObjects: 0.336739 ms)

AssetImportParameters requested are different than current active one (requested -> active):
  custom:video-decoder-ogg-theora: a1e56fd34408186e4bbccfd4996cb3dc -> 
  custom:container-muxer-webm: aa71ff27fc2769a1b78a27578f13a17b -> 
  custom:container-demuxer-webm: 4f35f7cbe854078d1ac9338744f61a02 -> 
  custom:container-demuxer-ogg: 62fdf1f143b41e24485cea50d1cbac27 -> 
  custom:video-encoder-webm-vp8: eb34c28f22e8b96e1ab97ce403110664 -> 
  custom:framework-osx-AVFoundation: b23960f63f64bdc6ff669e2cdcee2391 -> 
  custom:video-decoder-webm-vp8: 9c59270c3fd7afecdb556c50c9e8de78 -> 
  custom:audio-decoder-ogg-vorbis: bf7c407c2cedff20999df2af8eb42d56 -> 
  custom:audio-encoder-webm-vorbis: bf7c407c2cedff20999df2af8eb42d56 -> 
========================================================================
Received Import Request.
  Time since last request: 3405.136956 seconds.
  path: Assets/Turntable_platforms
  artifactKey: Guid(e2d72d7608d7745568094eb55f8190a7) Importer(815301076,1909f56bfc062723c751e8b465ee728b)
Start importing Assets/Turntable_platforms using Guid(e2d72d7608d7745568094eb55f8190a7) Importer(815301076,1909f56bfc062723c751e8b465ee728b)  -> (artifact id: 'ffd6a243fedb778d0a0806f9db425c13') in 0.005528 seconds 
  Import took 0.011577 seconds .

========================================================================
Received Import Request.
  Time since last request: 0.015445 seconds.
  path: Assets/Turntable_platforms
  artifactKey: Guid(e2d72d7608d7745568094eb55f8190a7) Importer(815301076,1909f56bfc062723c751e8b465ee728b)
Start importing Assets/Turntable_platforms using Guid(e2d72d7608d7745568094eb55f8190a7) Importer(815301076,1909f56bfc062723c751e8b465ee728b)  -> (artifact id: 'ffd6a243fedb778d0a0806f9db425c13') in 0.002193 seconds 
  Import took 0.006331 seconds .

========================================================================
Received Import Request.
  Time since last request: 9.259449 seconds.
  path: Assets/Turntable_platforms/Prefabs
  artifactKey: Guid(07b51c3bd37200b42a130f4684f65c4e) Importer(815301076,1909f56bfc062723c751e8b465ee728b)
Start importing Assets/Turntable_platforms/Prefabs using Guid(07b51c3bd37200b42a130f4684f65c4e) Importer(815301076,1909f56bfc062723c751e8b465ee728b)  -> (artifact id: '277bcdfd2fe3c2e11d93039d2af2e49f') in 0.002181 seconds 
  Import took 0.012304 seconds .

========================================================================
Received Import Request.
  Time since last request: 6.461447 seconds.
  path: Assets/Turntable_platforms/Prefabs/base_prefabs
  artifactKey: Guid(727d3dfd28a668d418e4368a392a348a) Importer(815301076,1909f56bfc062723c751e8b465ee728b)
Start importing Assets/Turntable_platforms/Prefabs/base_prefabs using Guid(727d3dfd28a668d418e4368a392a348a) Importer(815301076,1909f56bfc062723c751e8b465ee728b)  -> (artifact id: 'e883c179b84b7249db8a58beb3afac7c') in 0.002387 seconds 
  Import took 0.010461 seconds .

========================================================================
Received Import Request.
  Time since last request: 0.144692 seconds.
  path: Assets/Turntable_platforms/Prefabs/base_prefabs/flower_head1.prefab
  artifactKey: Guid(85167cc1ec30e3348af072bac675a592) Importer(815301076,1909f56bfc062723c751e8b465ee728b)
Start importing Assets/Turntable_platforms/Prefabs/base_prefabs/flower_head1.prefab using Guid(85167cc1ec30e3348af072bac675a592) Importer(815301076,1909f56bfc062723c751e8b465ee728b)  -> (artifact id: '457b25b70f3e70bb947815f8738c0eb7') in 0.616216 seconds 
  Import took 0.623673 seconds .

========================================================================
Received Import Request.
  Time since last request: 0.000399 seconds.
  path: Assets/Turntable_platforms/Prefabs/base_prefabs/platform1.prefab
  artifactKey: Guid(eb435e31be2b70d4287ef876374d53b9) Importer(815301076,1909f56bfc062723c751e8b465ee728b)
Start importing Assets/Turntable_platforms/Prefabs/base_prefabs/platform1.prefab using Guid(eb435e31be2b70d4287ef876374d53b9) Importer(815301076,1909f56bfc062723c751e8b465ee728b)  -> (artifact id: '9afe0474561cdd317a64fd46874f789e') in 0.036088 seconds 
  Import took 0.043711 seconds .

========================================================================
Received Import Request.
  Time since last request: 0.001153 seconds.
  path: Assets/Turntable_platforms/Prefabs/base_prefabs/rock.prefab
  artifactKey: Guid(1c4cc71240605a74d8f38578a3041a13) Importer(815301076,1909f56bfc062723c751e8b465ee728b)
Start importing Assets/Turntable_platforms/Prefabs/base_prefabs/rock.prefab using Guid(1c4cc71240605a74d8f38578a3041a13) Importer(815301076,1909f56bfc062723c751e8b465ee728b)  -> (artifact id: '4adbfc84d3efc44d6d205d2c2763dcd5') in 0.038925 seconds 
  Import took 0.048455 seconds .

========================================================================
Received Import Request.
  Time since last request: 0.000473 seconds.
  path: Assets/Turntable_platforms/Prefabs/base_prefabs/flower_head2.prefab
  artifactKey: Guid(fd2325a1e9a54b4479e64ad961d94974) Importer(815301076,1909f56bfc062723c751e8b465ee728b)
Start importing Assets/Turntable_platforms/Prefabs/base_prefabs/flower_head2.prefab using Guid(fd2325a1e9a54b4479e64ad961d94974) Importer(815301076,1909f56bfc062723c751e8b465ee728b)  -> (artifact id: '4890dcedca12410eca8bd4b225e547bf') in 0.063399 seconds 
  Import took 0.071583 seconds .

========================================================================
Received Import Request.
  Time since last request: 0.001471 seconds.
  path: Assets/Turntable_platforms/Prefabs/base_prefabs/stem.prefab
  artifactKey: Guid(59c7f566f6bb61e44adc6f30152f363c) Importer(815301076,1909f56bfc062723c751e8b465ee728b)
Start importing Assets/Turntable_platforms/Prefabs/base_prefabs/stem.prefab using Guid(59c7f566f6bb61e44adc6f30152f363c) Importer(815301076,1909f56bfc062723c751e8b465ee728b)  -> (artifact id: '6d2fe8e80900b621e6c698ef1c8a8ae9') in 0.039992 seconds 
  Import took 0.049444 seconds .

========================================================================
Received Import Request.
  Time since last request: 0.001287 seconds.
  path: Assets/Turntable_platforms/Prefabs/base_prefabs/leaf_long.prefab
  artifactKey: Guid(338360c9519cfba45a18f967fe8d1b86) Importer(815301076,1909f56bfc062723c751e8b465ee728b)
Start importing Assets/Turntable_platforms/Prefabs/base_prefabs/leaf_long.prefab using Guid(338360c9519cfba45a18f967fe8d1b86) Importer(815301076,1909f56bfc062723c751e8b465ee728b)  -> (artifact id: 'de0b394eabc5bd9af59c030604d12f52') in 0.036996 seconds 
  Import took 0.053843 seconds .

========================================================================
Received Import Request.
  Time since last request: 0.000956 seconds.
  path: Assets/Turntable_platforms/Prefabs/base_prefabs/leaf_small.prefab
  artifactKey: Guid(499cc96c718823d4483d409753062091) Importer(815301076,1909f56bfc062723c751e8b465ee728b)
Start importing Assets/Turntable_platforms/Prefabs/base_prefabs/leaf_small.prefab using Guid(499cc96c718823d4483d409753062091) Importer(815301076,1909f56bfc062723c751e8b465ee728b)  -> (artifact id: '8bfce60e53492d6e5be54bc4bea64f9a') in 0.055232 seconds 
  Import took 0.066090 seconds .

========================================================================
Received Import Request.
  Time since last request: 0.000389 seconds.
  path: Assets/Turntable_platforms/Prefabs/base_prefabs/mushroom_thin.prefab
  artifactKey: Guid(e3a0ac2c110c07844a34f62e2b6e1986) Importer(815301076,1909f56bfc062723c751e8b465ee728b)
Start importing Assets/Turntable_platforms/Prefabs/base_prefabs/mushroom_thin.prefab using Guid(e3a0ac2c110c07844a34f62e2b6e1986) Importer(815301076,1909f56bfc062723c751e8b465ee728b)  -> (artifact id: 'ae2f8de0aaf31faf682ace24be8f2779') in 0.068230 seconds 
  Import took 0.075007 seconds .

========================================================================
Received Import Request.
  Time since last request: 0.003260 seconds.
  path: Assets/Turntable_platforms/Prefabs/base_prefabs/mushroom_thik.prefab
  artifactKey: Guid(286107ea05191cb4ba5c907dc1f56e65) Importer(815301076,1909f56bfc062723c751e8b465ee728b)
Start importing Assets/Turntable_platforms/Prefabs/base_prefabs/mushroom_thik.prefab using Guid(286107ea05191cb4ba5c907dc1f56e65) Importer(815301076,1909f56bfc062723c751e8b465ee728b)  -> (artifact id: '6d2fdd097eb1cd050636de00af9b0219') in 0.059148 seconds 
  Import took 0.068852 seconds .

========================================================================
Received Import Request.
  Time since last request: 0.000423 seconds.
  path: Assets/Turntable_platforms/Prefabs/base_prefabs/leaf_short.prefab
  artifactKey: Guid(7e5c407202bfac34580d2b43142d7d04) Importer(815301076,1909f56bfc062723c751e8b465ee728b)
Start importing Assets/Turntable_platforms/Prefabs/base_prefabs/leaf_short.prefab using Guid(7e5c407202bfac34580d2b43142d7d04) Importer(815301076,1909f56bfc062723c751e8b465ee728b)  -> (artifact id: '6b19c2967041be69a090597b6084be3c') in 0.047993 seconds 
  Import took 0.086044 seconds .

========================================================================
Received Import Request.
  Time since last request: 21.493325 seconds.
  path: Assets/Turntable_platforms/Prefabs/platforms
  artifactKey: Guid(2564cee7c5a6fe24186b29366f8ceb1b) Importer(815301076,1909f56bfc062723c751e8b465ee728b)
Start importing Assets/Turntable_platforms/Prefabs/platforms using Guid(2564cee7c5a6fe24186b29366f8ceb1b) Importer(815301076,1909f56bfc062723c751e8b465ee728b)  -> (artifact id: '131cfb5f6bbc0fba628ebc3463030094') in 0.001978 seconds 
  Import took 0.010745 seconds .

========================================================================
Received Import Request.
  Time since last request: 0.131759 seconds.
  path: Assets/Turntable_platforms/Prefabs/platforms/platform1.prefab
  artifactKey: Guid(4c4b74795dcc8de4388e3ae8f85e1483) Importer(815301076,1909f56bfc062723c751e8b465ee728b)
Start importing Assets/Turntable_platforms/Prefabs/platforms/platform1.prefab using Guid(4c4b74795dcc8de4388e3ae8f85e1483) Importer(815301076,1909f56bfc062723c751e8b465ee728b)  -> (artifact id: 'a90ec79ef5ddc10cc37c7ef2c6182010') in 0.027471 seconds 
  Import took 0.035136 seconds .

========================================================================
Received Import Request.
  Time since last request: 0.000399 seconds.
  path: Assets/Turntable_platforms/Prefabs/platforms/platform4.prefab
  artifactKey: Guid(4b13d2ce1ca2e05428c177b19533addc) Importer(815301076,1909f56bfc062723c751e8b465ee728b)
Start importing Assets/Turntable_platforms/Prefabs/platforms/platform4.prefab using Guid(4b13d2ce1ca2e05428c177b19533addc) Importer(815301076,1909f56bfc062723c751e8b465ee728b)  -> (artifact id: '49193cde40f4c15321964a459e3ca378') in 0.083419 seconds 
  Import took 0.091513 seconds .

========================================================================
Received Import Request.
  Time since last request: 0.000357 seconds.
  path: Assets/Turntable_platforms/Prefabs/platforms/platform3.prefab
  artifactKey: Guid(726f4455159fb004bafa8f7d44ea0a26) Importer(815301076,1909f56bfc062723c751e8b465ee728b)
Start importing Assets/Turntable_platforms/Prefabs/platforms/platform3.prefab using Guid(726f4455159fb004bafa8f7d44ea0a26) Importer(815301076,1909f56bfc062723c751e8b465ee728b)  -> (artifact id: 'baa05d3a48676c23f6dc5d2739564e18') in 0.047352 seconds 
  Import took 0.053403 seconds .

========================================================================
Received Import Request.
  Time since last request: 0.000686 seconds.
  path: Assets/Turntable_platforms/Prefabs/platforms/platform2.prefab
  artifactKey: Guid(38c2e9df535eb8b4fbee8f766e484fdd) Importer(815301076,1909f56bfc062723c751e8b465ee728b)
Start importing Assets/Turntable_platforms/Prefabs/platforms/platform2.prefab using Guid(38c2e9df535eb8b4fbee8f766e484fdd) Importer(815301076,1909f56bfc062723c751e8b465ee728b)  -> (artifact id: 'f5bbf8cd28c5311e6bca66fb5381a1eb') in 0.037675 seconds 
  Import took 0.043053 seconds .

========================================================================
Received Import Request.
  Time since last request: 123.194024 seconds.
  path: Assets/prefabs/death_spot.prefab
  artifactKey: Guid(ab713b8fdf9874c1bb736cac283d9d66) Importer(815301076,1909f56bfc062723c751e8b465ee728b)
Start importing Assets/prefabs/death_spot.prefab using Guid(ab713b8fdf9874c1bb736cac283d9d66) Importer(815301076,1909f56bfc062723c751e8b465ee728b)  -> (artifact id: '9f00b6da20270efdc1d33fcb60e024a6') in 0.036014 seconds 
  Import took 0.040668 seconds .

========================================================================
Received Import Request.
  Time since last request: 0.000342 seconds.
  path: Assets/prefabs/win_spot.prefab
  artifactKey: Guid(7539e3b294df44439b91315d855f8a33) Importer(815301076,1909f56bfc062723c751e8b465ee728b)
Start importing Assets/prefabs/win_spot.prefab using Guid(7539e3b294df44439b91315d855f8a33) Importer(815301076,1909f56bfc062723c751e8b465ee728b)  -> (artifact id: '16840943926d920b2509e4118024c069') in 0.023101 seconds 
  Import took 0.028275 seconds .

========================================================================
Received Prepare
Registering precompiled user dll's ...
Registered in 0.009984 seconds.
Begin MonoManager ReloadAssembly
Native extension for OSXStandalone target not found
Refreshing native plugins compatible for Editor in 0.50 ms, found 2 plugins.
Preloading 0 native plugins for Editor in 0.00 ms.
Mono: successfully reloaded assembly
- Completed reload, in  1.808 seconds
Platform modules already initialized, skipping
Refreshing native plugins compatible for Editor in 0.73 ms, found 2 plugins.
Preloading 0 native plugins for Editor in 0.00 ms.
Unloading 1546 Unused Serialized files (Serialized files now loaded: 0)
System memory in use before: 185.6 MB.
System memory in use after: 185.7 MB.

Unloading 15 unused Assets to reduce memory usage. Loaded Objects now: 2128.
Total: 2.845060 ms (FindLiveObjects: 0.245970 ms CreateObjectMapping: 0.065330 ms MarkObjects: 2.435782 ms  DeleteObjects: 0.096246 ms)

AssetImportParameters requested are different than current active one (requested -> active):
  custom:video-decoder-ogg-theora: a1e56fd34408186e4bbccfd4996cb3dc -> 
  custom:container-muxer-webm: aa71ff27fc2769a1b78a27578f13a17b -> 
  custom:container-demuxer-webm: 4f35f7cbe854078d1ac9338744f61a02 -> 
  custom:container-demuxer-ogg: 62fdf1f143b41e24485cea50d1cbac27 -> 
  custom:video-encoder-webm-vp8: eb34c28f22e8b96e1ab97ce403110664 -> 
  custom:framework-osx-AVFoundation: b23960f63f64bdc6ff669e2cdcee2391 -> 
  custom:video-decoder-webm-vp8: 9c59270c3fd7afecdb556c50c9e8de78 -> 
  custom:audio-decoder-ogg-vorbis: bf7c407c2cedff20999df2af8eb42d56 -> 
  custom:audio-encoder-webm-vorbis: bf7c407c2cedff20999df2af8eb42d56 -> 
========================================================================
Received Prepare
Registering precompiled user dll's ...
Registered in 0.008128 seconds.
Begin MonoManager ReloadAssembly
Native extension for OSXStandalone target not found
Refreshing native plugins compatible for Editor in 0.60 ms, found 2 plugins.
Preloading 0 native plugins for Editor in 0.00 ms.
Mono: successfully reloaded assembly
- Completed reload, in  5.379 seconds
Platform modules already initialized, skipping
Refreshing native plugins compatible for Editor in 1.48 ms, found 2 plugins.
Preloading 0 native plugins for Editor in 0.00 ms.
Unloading 1545 Unused Serialized files (Serialized files now loaded: 0)
System memory in use before: 185.7 MB.
System memory in use after: 185.8 MB.

Unloading 15 unused Assets to reduce memory usage. Loaded Objects now: 2131.
Total: 12.520720 ms (FindLiveObjects: 0.240440 ms CreateObjectMapping: 0.065789 ms MarkObjects: 11.920265 ms  DeleteObjects: 0.292311 ms)

AssetImportParameters requested are different than current active one (requested -> active):
  custom:video-decoder-ogg-theora: a1e56fd34408186e4bbccfd4996cb3dc -> 
  custom:container-muxer-webm: aa71ff27fc2769a1b78a27578f13a17b -> 
  custom:container-demuxer-webm: 4f35f7cbe854078d1ac9338744f61a02 -> 
  custom:container-demuxer-ogg: 62fdf1f143b41e24485cea50d1cbac27 -> 
  custom:video-encoder-webm-vp8: eb34c28f22e8b96e1ab97ce403110664 -> 
  custom:framework-osx-AVFoundation: b23960f63f64bdc6ff669e2cdcee2391 -> 
  custom:video-decoder-webm-vp8: 9c59270c3fd7afecdb556c50c9e8de78 -> 
  custom:audio-decoder-ogg-vorbis: bf7c407c2cedff20999df2af8eb42d56 -> 
  custom:audio-encoder-webm-vorbis: bf7c407c2cedff20999df2af8eb42d56 -> 
